<?xml version="1.0" encoding="UTF-8"?>
<!-- Generated by org.testng.reporters.JUnitReportReporter -->
<testsuite hostname="Ashok" name="Screenshot2" tests="1" failures="0" timestamp="17 Dec 2019 16:20:48 GMT" time="7.373" errors="0">
  <testcase name="testGuru99TakeScreenShot" time="7.373" classname="Screenshot2"/>
</testsuite> <!-- Screenshot2 -->
